GroundAtoms in Consensus Values: [SAME('B', 'A'), SAME('A', 'B'), SAME('C', 'B'), SAME('B', 'C'), SAME('A', 'C'), SAME('C', 'A')]
Initial Consensus Values: [1.0, 1.0, 1.0, 1.0, 1.0, 1.0]
New Consensus Values: [0.3110547988596769, 0.3110547988596769, 0.3807412100095027, 0.3807412100095027, 0.0, 0.0]
New Consensus Values: [0.46208198052233057, 0.46208198052233057, 0.6319163952789861, 0.6319163952789861, 0.0, 0.0]
New Consensus Values: [0.45995746802541143, 0.45995746802541104, 0.7256968154624216, 0.7256968154624219, 0.0, 0.0]
New Consensus Values: [0.3657073565885925, 0.3657073565885916, 0.7007556162650753, 0.7007556162650762, 0.0, 0.0]
New Consensus Values: [0.2508180459524988, 0.250818045952499, 0.6205403773062717, 0.6205403773062727, 0.0, 0.0]
New Consensus Values: [0.16686339510918882, 0.16686339510918893, 0.5403850825496598, 0.5403850825496593, 0.0, 0.0]
New Consensus Values: [0.13430957056106094, 0.13430957056106044, 0.4914590703063153, 0.491459070306315, 0.0, 0.0]
New Consensus Values: [0.1390376145226336, 0.13903761452263377, 0.47215905147090087, 0.4721590514709005, 0.0, 0.0]
New Consensus Values: [0.155607524419592, 0.1556075244195923, 0.4674326780343062, 0.4674326780343061, 0.0, 0.0]
New Consensus Values: [0.17651792936504532, 0.17651792936504554, 0.4759550087253916, 0.4759550087253917, 0.0, 0.0]
New Consensus Values: [0.19550716756690784, 0.19550716756690795, 0.4931552046102784, 0.4931552046102786, 0.0, 0.0]
New Consensus Values: [0.2088291682000268, 0.2088291682000268, 0.5135094715384787, 0.5135094715384788, 0.0, 0.0]
New Consensus Values: [0.21543818559270514, 0.21543818559270503, 0.5323398429178147, 0.5323398429178143, 0.0, 0.0]
New Consensus Values: [0.2163893621028868, 0.21638936210288667, 0.5467982119165011, 0.5467982119165009, 0.0, 0.0]
New Consensus Values: [0.21387195827117317, 0.21387195827117314, 0.5560381021096765, 0.5560381021096765, 0.0, 0.0]
New Consensus Values: [0.2102543506024084, 0.21025435060240844, 0.5607935296446139, 0.5607935296446139, 0.0, 0.0]
New Consensus Values: [0.2073928926225599, 0.20739289262255986, 0.5626715408994919, 0.5626715408994919, 0.0, 0.0]
New Consensus Values: [0.2063036627819051, 0.20630366278190504, 0.5634415808998485, 0.5634415808998487, 0.0, 0.0]
New Consensus Values: [0.20716652135199887, 0.20716652135199887, 0.5645131901639553, 0.5645131901639553, 0.0, 0.0]
New Consensus Values: [0.20955183192061247, 0.20955183192061247, 0.5666804946703689, 0.5666804946703689, 0.0, 0.0]
New Consensus Values: [0.21273635099214247, 0.21273635099214247, 0.5701148203326579, 0.5701148203326581, 0.0, 0.0]
New Consensus Values: [0.21599450535411419, 0.21599450535411419, 0.5745263662048098, 0.5745263662048098, 0.0, 0.0]
New Consensus Values: [0.21879504394952523, 0.21879504394952523, 0.5793963939575606, 0.5793963939575607, 0.0, 0.0]
New Consensus Values: [0.2208812824794105, 0.22088128247941044, 0.5841946859736032, 0.5841946859736031, 0.0, 0.0]
New Consensus Values: [0.22225147074792936, 0.22225147074792936, 0.5885288215025234, 0.5885288215025233, 0.0, 0.0]
New Consensus Values: [0.22307717836828542, 0.22307717836828542, 0.5922075537379194, 0.5922075537379194, 0.0, 0.0]
New Consensus Values: [0.22360182433346726, 0.22360182433346726, 0.5952293782128855, 0.5952293782128855, 0.0, 0.0]
New Consensus Values: [0.22405303472082758, 0.22405303472082758, 0.5977238070570151, 0.597723807057015, 0.0, 0.0]
New Consensus Values: [0.22458780222138014, 0.22458780222138014, 0.5998765484972984, 0.5998765484972983, 0.0, 0.0]
New Consensus Values: [0.2252744317324939, 0.2252744317324939, 0.6018639108920064, 0.6018639108920066, 0.0, 0.0]
New Consensus Values: [0.226104096068908, 0.226104096068908, 0.6038110061951671, 0.6038110061951673, 0.0, 0.0]
New Consensus Values: [0.22701923475148886, 0.22701923475148886, 0.6057771876029647, 0.6057771876029646, 0.0, 0.0]
New Consensus Values: [0.22794568578876956, 0.22794568578876956, 0.6077637349792901, 0.60776373497929, 0.0, 0.0]
New Consensus Values: [0.22881872278772636, 0.22881872278772636, 0.609734468002299, 0.6097344680022989, 0.0, 0.0]
New Consensus Values: [0.22959801353260018, 0.22959801353260018, 0.6116395468259205, 0.6116395468259206, 0.0, 0.0]
New Consensus Values: [0.2302711131614927, 0.2302711131614927, 0.6134350474766203, 0.6134350474766203, 0.0, 0.0]
New Consensus Values: [0.23084830393007547, 0.23084830393007547, 0.615094452854173, 0.6150944528541731, 0.0, 0.0]
New Consensus Values: [0.23135299377822777, 0.23135299377822777, 0.6166116271270173, 0.616611627127017, 0.0, 0.0]
New Consensus Values: [0.23181169986659594, 0.23181169986659594, 0.6179972645238413, 0.6179972645238411, 0.0, 0.0]
New Consensus Values: [0.23224643901463154, 0.23224643901463154, 0.6192719015319069, 0.6192719015319069, 0.0, 0.0]
New Consensus Values: [0.23267077991076243, 0.23267077991076243, 0.6204584929998952, 0.6204584929998952, 0.0, 0.0]
New Consensus Values: [0.2330894205701712, 0.2330894205701712, 0.6215766889600545, 0.6215766889600545, 0.0, 0.0]
New Consensus Values: [0.23350025427770607, 0.23350025427770607, 0.622639794834209, 0.622639794834209, 0.0, 0.0]
New Consensus Values: [0.23389755896877257, 0.23389755896877257, 0.6236543572658958, 0.6236543572658958, 0.0, 0.0]
New Consensus Values: [0.2342750897917303, 0.2342750897917303, 0.6246216327947683, 0.6246216327947681, 0.0, 0.0]
New Consensus Values: [0.23462827910658582, 0.23462827910658582, 0.625539934432728, 0.625539934432728, 0.0, 0.0]
New Consensus Values: [0.23495524725756264, 0.23495524725756264, 0.6264069440189954, 0.6264069440189951, 0.0, 0.0]
New Consensus Values: [0.23525674299928298, 0.23525674299928298, 0.6272213851796163, 0.6272213851796159, 0.0, 0.0]
New Consensus Values: [0.23553538038841176, 0.23553538038841176, 0.627983820580045, 0.6279838205800451, 0.0, 0.0]
New Consensus Values: [0.23579460758840962, 0.23579460758840962, 0.6286966488573971, 0.6286966488573972, 0.0, 0.0]
New Consensus Values: [0.23603777255588262, 0.23603777255588262, 0.6293635662944846, 0.6293635662944846, 0.0, 0.0]
New Consensus Values: [0.23626750531874102, 0.23626750531874102, 0.6299888149831286, 0.6299888149831286, 0.0, 0.0]
New Consensus Values: [0.23648547987667823, 0.23648547987667823, 0.6305764911750317, 0.6305764911750317, 0.0, 0.0]
New Consensus Values: [0.23669249637321918, 0.23669249637321918, 0.6311300818272784, 0.6311300818272787, 0.0, 0.0]
New Consensus Values: [0.23688875769744802, 0.23688875769744802, 0.6316522811714311, 0.6316522811714316, 0.0, 0.0]
New Consensus Values: [0.23707420363226908, 0.23707420363226908, 0.6321450470304092, 0.6321450470304091, 0.0, 0.0]
New Consensus Values: [0.23724879491819215, 0.23724879491819215, 0.6326098053939757, 0.6326098053939753, 0.0, 0.0]
New Consensus Values: [0.23741268814401337, 0.23741268814401337, 0.6330477018069244, 0.633047701806924, 0.0, 0.0]
New Consensus Values: [0.23756629089725514, 0.23756629089725514, 0.6334598186134498, 0.63345981861345, 0.0, 0.0]
New Consensus Values: [0.23771022211120335, 0.23771022211120335, 0.633847312598718, 0.6338473125987178, 0.0, 0.0]
New Consensus Values: [0.23784521976971892, 0.23784521976971892, 0.6342114636578451, 0.634211463657845, 0.0, 0.0]
New Consensus Values: [0.23797203843149736, 0.23797203843149736, 0.634553651938117, 0.6345536519381171, 0.0, 0.0]
New Consensus Values: [0.23809136786039858, 0.23809136786039858, 0.6348752942852852, 0.634875294285285, 0.0, 0.0]
New Consensus Values: [0.23820378814158283, 0.23820378814158283, 0.6351777715795562, 0.6351777715795561, 0.0, 0.0]
New Consensus Values: [0.23830976183312877, 0.23830976183312877, 0.635462370595094, 0.635462370595094, 0.0, 0.0]
New Consensus Values: [0.23840965357200203, 0.23840965357200203, 0.6357302523336161, 0.6357302523336159, 0.0, 0.0]
New Consensus Values: [0.23850376330132186, 0.23850376330132186, 0.6359824477178064, 0.6359824477178065, 0.0, 0.0]
New Consensus Values: [0.23859236013162372, 0.23859236013162372, 0.636219873846753, 0.6362198738467532, 0.0, 0.0]
New Consensus Values: [0.23867570790009918, 0.23867570790009918, 0.636443360667707, 0.6364433606677071, 0.0, 0.0]
New Consensus Values: [0.23875407861559989, 0.23875407861559989, 0.6366536783866886, 0.6366536783866883, 0.0, 0.0]
New Consensus Values: [0.2388277544499116, 0.2388277544499116, 0.6368515588524402, 0.6368515588524399, 0.0, 0.0]
New Consensus Values: [0.23889702177143318, 0.23889702177143318, 0.6370377079250232, 0.6370377079250238, 0.0, 0.0]
New Consensus Values: [0.2389621616907703, 0.2389621616907703, 0.6372128091870931, 0.6372128091870936, 0.0, 0.0]
New Consensus Values: [0.239023441046351, 0.239023441046351, 0.6373775215160069, 0.6373775215160068, 0.0, 0.0]
New Consensus Values: [0.23908110634188645, 0.23908110634188645, 0.6375324738170483, 0.637532473817048, 0.0, 0.0]
New Consensus Values: [0.2391353815216604, 0.2391353815216604, 0.6376782598625971, 0.6376782598625971, 0.0, 0.0]
New Consensus Values: [0.23918646913834526, 0.23918646913834526, 0.6378154351558022, 0.637815435155802, 0.0, 0.0]
New Consensus Values: [0.2392345536918073, 0.2392345536918073, 0.6379445165342924, 0.6379445165342921, 0.0, 0.0]
New Consensus Values: [0.23927980572282623, 0.23927980572282623, 0.6380659842296941, 0.6380659842296937, 0.0, 0.0]
New Consensus Values: [0.23932238549486182, 0.23932238549486182, 0.6381802855036129, 0.638180285503613, 0.0, 0.0]
New Consensus Values: [0.2393624455781598, 0.2393624455781598, 0.6382878388174766, 0.6382878388174767, 0.0, 0.0]
New Consensus Values: [0.23940013215883835, 0.23940013215883835, 0.6383890376647692, 0.638389037664769, 0.0, 0.0]
New Consensus Values: [0.239435585285978, 0.239435585285978, 0.6384842535445253, 0.6384842535445253, 0.0, 0.0]
New Consensus Values: [0.23946893847604594, 0.23946893847604594, 0.6385738379319632, 0.638573837931963, 0.0, 0.0]
New Consensus Values: [0.23950031812102865, 0.23950031812102865, 0.6386581233959711, 0.6386581233959711, 0.0, 0.0]
New Consensus Values: [0.2395298430457162, 0.2395298430457162, 0.6387374241722015, 0.6387374241722015, 0.0, 0.0]
New Consensus Values: [0.23955762439950307, 0.23955762439950307, 0.6388120365260701, 0.6388120365260701, 0.0, 0.0]
New Consensus Values: [0.23958376591104355, 0.23958376591104355, 0.6388822391687284, 0.6388822391687284, 0.0, 0.0]
New Consensus Values: [0.2396083644211792, 0.2396083644211792, 0.6389482938716926, 0.6389482938716924, 0.0, 0.0]
New Consensus Values: [0.23963151055657458, 0.23963151055657458, 0.6390104463087666, 0.6390104463087668, 0.0, 0.0]
New Consensus Values: [0.23965328940804756, 0.23965328940804756, 0.6390689270683653, 0.6390689270683655, 0.0, 0.0]
New Consensus Values: [0.23967378111540927, 0.23967378111540927, 0.6391239527378959, 0.6391239527378959, 0.0, 0.0]
New Consensus Values: [0.23969306131272902, 0.23969306131272902, 0.639175726961174, 0.6391757269611743, 0.0, 0.0]
New Consensus Values: [0.2397112014356671, 0.2397112014356671, 0.6392244413967062, 0.6392244413967063, 0.0, 0.0]
New Consensus Values: [0.2397282689244889, 0.2397282689244889, 0.6392702765428571, 0.639270276542857, 0.0, 0.0]
