0    [main] INFO  org.linqs.psl.config.ConfigManager  - Configuration file loaded: file:/soe/nkini/pslprograms/transitivity/target/classes/psl.properties
52   [main] INFO  org.linqs.psl.config.ConfigManager  - No value found for option transitivity.experiment.name. Returning default of default.
57   [main] INFO  org.linqs.psl.config.ConfigManager  - No value found for option transitivity.experiment.dbpath. Returning default of /tmp.
58   [main] INFO  org.linqs.psl.config.ConfigManager  - Found value data for option transitivity.experiment.data.path.
70   [main] INFO  org.linqs.psl.config.ConfigManager  - No value found for option transitivity.experiment.output.outputdir. Returning default of output/default.
77   [main] INFO  org.linqs.psl.config.ConfigManager  - No value found for option transitivity.model.weights.lived. Returning default of 20.
77   [main] INFO  org.linqs.psl.config.ConfigManager  - No value found for option transitivity.model.weights.transitivity. Returning default of 20.
77   [main] INFO  org.linqs.psl.config.ConfigManager  - No value found for option transitivity.model.weights.transitivity. Returning default of 20.
77   [main] INFO  org.linqs.psl.config.ConfigManager  - No value found for option transitivity.model.weights.prior. Returning default of 5.
78   [main] INFO  org.linqs.psl.config.ConfigManager  - Found value true for option transitivity.model.rule.transitivity.
78   [main] INFO  org.linqs.psl.config.ConfigManager  - Found value false for option transitivity.model.rule.symmetry.
238  [main] INFO  org.linqs.psl.config.ConfigManager  - No value found for option transitivity.rdbmsdatastore.valuecolumn. Returning default of truth.
238  [main] INFO  org.linqs.psl.config.ConfigManager  - No value found for option transitivity.rdbmsdatastore.confidencecolumn. Returning default of confidence.
238  [main] INFO  org.linqs.psl.config.ConfigManager  - No value found for option transitivity.rdbmsdatastore.partitioncolumn. Returning default of partition.
257  [main] INFO  org.linqs.psl.config.ConfigManager  - No value found for option transitivity.rdbmsdatastore.usestringids. Returning default of true.
260  [main] DEBUG org.linqs.psl.database.rdbms.RDBMSDataStore  - Registered 0 pre-existing predicates from RDBMS.
329  [main] INFO  org.linqs.psl.experiments.Transitivity  - Running experiment default
332  [main] WARN  org.linqs.psl.database.rdbms.RDBMSDataStoreMetadata  - Determining max partition, no partitions found null
364  [main] INFO  org.linqs.psl.experiments.Transitivity  - Defining model rules
420  [main] DEBUG org.linqs.psl.experiments.Transitivity  - model: Model:
20.0: ( SIMILAR(P1, P2) & (P1 != P2) ) >> SAME(P1, P2) ^2
20.0: ( ( SAME(P1, P2) & SAME(P2, P3) ) & (P1 != P3) ) >> SAME(P1, P3) ^2
5.0: ~( SAME(P1, P2) ) ^2
420  [main] INFO  org.linqs.psl.experiments.Transitivity  - Loading data into database
447  [main] INFO  org.linqs.psl.experiments.Transitivity  - Starting inference
475  [main] INFO  org.linqs.psl.config.ConfigManager  - No value found for option transitivity.mpeinference.reasoner. Returning default of org.linqs.psl.reasoner.admm.ADMMReasonerFactory@37911f88.
483  [main] INFO  org.linqs.psl.config.ConfigManager  - No value found for option transitivity.admmreasoner.maxiterations. Returning default of 25000.
483  [main] INFO  org.linqs.psl.config.ConfigManager  - No value found for option transitivity.admmreasoner.stepsize. Returning default of 1.0.
483  [main] INFO  org.linqs.psl.config.ConfigManager  - No value found for option transitivity.admmreasoner.epsilonabs. Returning default of 1.0E-5.
483  [main] INFO  org.linqs.psl.config.ConfigManager  - No value found for option transitivity.admmreasoner.epsilonrel. Returning default of 0.001.
483  [main] INFO  org.linqs.psl.config.ConfigManager  - No value found for option transitivity.admmreasoner.stopcheck. Returning default of 1.
484  [main] INFO  org.linqs.psl.config.ConfigManager  - No value found for option transitivity.admmreasoner.numthreads. Returning default of 4.
493  [main] INFO  org.linqs.psl.application.inference.MPEInference  - Grounding out model.
503  [main] DEBUG org.linqs.psl.model.rule.logical.AbstractLogicalRule  - Grounded 6 instances of rule 20.0: ( SIMILAR(P1, P2) & (P1 != P2) ) >> SAME(P1, P2) ^2
506  [main] DEBUG org.linqs.psl.model.rule.logical.AbstractLogicalRule  - Grounded 6 instances of rule 20.0: ( ( SAME(P1, P2) & SAME(P2, P3) ) & (P1 != P3) ) >> SAME(P1, P3) ^2
506  [main] DEBUG org.linqs.psl.model.rule.logical.AbstractLogicalRule  - Grounded 6 instances of rule 5.0: ~( SAME(P1, P2) ) ^2
507  [main] INFO  org.linqs.psl.application.inference.MPEInference  - Beginning inference.
507  [main] DEBUG org.linqs.psl.reasoner.admm.ADMMReasoner  - (Re)building reasoner data structures
508  [main] DEBUG org.linqs.psl.reasoner.admm.ADMMReasoner  - Initializing objective terms for 18 ground kernels
534  [main] DEBUG org.linqs.psl.reasoner.admm.ADMMReasoner  - Performing optimization with 6 variables and 18 terms.
551  [main] INFO  org.linqs.psl.reasoner.admm.ADMMReasoner  - Optimization completed in  98 iterations. Primal res.: 0.0024666562641943654, Dual res.: 1.4682570544170468E-4
551  [main] INFO  org.linqs.psl.application.inference.MPEInference  - Inference complete. Writing results to Database.
582  [main] INFO  org.linqs.psl.experiments.Transitivity  - Finished inference in 0.125 seconds
DiscretePredictionStatistics.compare took 2 milliseconds
ContinuousPredictionStatistics.compare took 0 milliseconds
638  [main] INFO  org.linqs.psl.experiments.Transitivity  - MSE: 0.35612282851399196
645  [main] INFO  org.linqs.psl.experiments.Transitivity  - Accuracy 0.3333333333333333, Error 4.0
647  [main] INFO  org.linqs.psl.experiments.Transitivity  - Positive Class: precision 1.0, recall 0.3333333333333333
647  [main] INFO  org.linqs.psl.experiments.Transitivity  - Negative Class Stats: precision 0.0, recall 1.0
