0    [main] INFO  org.linqs.psl.config.ConfigManager  - Configuration file loaded: file:/soe/nkini/pslprograms/transitivity/target/classes/psl.properties
50   [main] INFO  org.linqs.psl.config.ConfigManager  - No value found for option transitivity.experiment.name. Returning default of default.
55   [main] INFO  org.linqs.psl.config.ConfigManager  - No value found for option transitivity.experiment.dbpath. Returning default of /tmp.
55   [main] INFO  org.linqs.psl.config.ConfigManager  - Found value data for option transitivity.experiment.data.path.
76   [main] INFO  org.linqs.psl.config.ConfigManager  - No value found for option transitivity.experiment.output.outputdir. Returning default of output/default.
86   [main] INFO  org.linqs.psl.config.ConfigManager  - Found value 20 for option transitivity.model.weights.similar.
87   [main] INFO  org.linqs.psl.config.ConfigManager  - Found value 40 for option transitivity.model.weights.transitivity.
87   [main] INFO  org.linqs.psl.config.ConfigManager  - Found value 40 for option transitivity.model.weights.symmetry.
87   [main] INFO  org.linqs.psl.config.ConfigManager  - Found value 1 for option transitivity.model.weights.prior.
87   [main] INFO  org.linqs.psl.config.ConfigManager  - Found value true for option transitivity.model.rule.transitivity.
88   [main] INFO  org.linqs.psl.config.ConfigManager  - Found value true for option transitivity.model.rule.symmetry.
242  [main] INFO  org.linqs.psl.config.ConfigManager  - No value found for option transitivity.rdbmsdatastore.valuecolumn. Returning default of truth.
242  [main] INFO  org.linqs.psl.config.ConfigManager  - No value found for option transitivity.rdbmsdatastore.confidencecolumn. Returning default of confidence.
242  [main] INFO  org.linqs.psl.config.ConfigManager  - No value found for option transitivity.rdbmsdatastore.partitioncolumn. Returning default of partition.
260  [main] INFO  org.linqs.psl.config.ConfigManager  - No value found for option transitivity.rdbmsdatastore.usestringids. Returning default of true.
264  [main] DEBUG org.linqs.psl.database.rdbms.RDBMSDataStore  - Registered 0 pre-existing predicates from RDBMS.
332  [main] INFO  org.linqs.psl.experiments.Transitivity  - Running experiment default
335  [main] WARN  org.linqs.psl.database.rdbms.RDBMSDataStoreMetadata  - Determining max partition, no partitions found null
366  [main] INFO  org.linqs.psl.experiments.Transitivity  - Defining model rules
420  [main] DEBUG org.linqs.psl.experiments.Transitivity  - model: Model:
20.0: ( SIMILAR(P1, P2) & (P1 != P2) ) >> SAME(P1, P2) ^2
40.0: ( ( SAME(P1, P2) & SAME(P2, P3) ) & (P1 != P3) ) >> SAME(P1, P3) ^2
40.0: SAME(P1, P2) >> SAME(P2, P1) ^2
1.0: ~( SAME(P1, P2) ) ^2
420  [main] INFO  org.linqs.psl.experiments.Transitivity  - Loading data into database
436  [main] INFO  org.linqs.psl.experiments.Transitivity  - Starting inference
463  [main] INFO  org.linqs.psl.config.ConfigManager  - No value found for option transitivity.mpeinference.reasoner. Returning default of org.linqs.psl.reasoner.admm.ADMMReasonerFactory@407a7f2a.
463  [main] INFO  org.linqs.psl.config.ConfigManager  - No value found for option transitivity.admmreasoner.maxiterations. Returning default of 25000.
463  [main] INFO  org.linqs.psl.config.ConfigManager  - No value found for option transitivity.admmreasoner.stepsize. Returning default of 1.0.
463  [main] INFO  org.linqs.psl.config.ConfigManager  - No value found for option transitivity.admmreasoner.stopcheck. Returning default of 1.
463  [main] INFO  org.linqs.psl.config.ConfigManager  - No value found for option transitivity.admmreasoner.epsilonabs. Returning default of 1.0E-5.
464  [main] INFO  org.linqs.psl.config.ConfigManager  - No value found for option transitivity.admmreasoner.epsilonrel. Returning default of 0.001.
464  [main] INFO  org.linqs.psl.config.ConfigManager  - No value found for option transitivity.admmreasoner.numthreads. Returning default of 4.
464  [main] INFO  org.linqs.psl.config.ConfigManager  - No value found for option transitivity.mpeinference.termstore. Returning default of org.linqs.psl.reasoner.admm.term.ADMMTermStore.
464  [main] INFO  org.linqs.psl.config.ConfigManager  - No value found for option transitivity.admmmemorytermstore.internalstore. Returning default of org.linqs.psl.reasoner.term.MemoryTermStore.
465  [main] INFO  org.linqs.psl.config.ConfigManager  - No value found for option transitivity.memorytermstore.initialsize. Returning default of 5000.
465  [main] INFO  org.linqs.psl.config.ConfigManager  - No value found for option transitivity.mpeinference.groundrulestore. Returning default of org.linqs.psl.application.groundrulestore.MemoryGroundRuleStore.
467  [main] INFO  org.linqs.psl.config.ConfigManager  - No value found for option transitivity.mpeinference.termgenerator. Returning default of org.linqs.psl.reasoner.admm.term.ADMMTermGenerator.
468  [main] DEBUG org.linqs.psl.application.inference.MPEInference  - Creating persisted atom mannager.
472  [main] INFO  org.linqs.psl.application.inference.MPEInference  - Grounding out model.
Grounding 20.0: ( SIMILAR(P1, P2) & (P1 != P2) ) >> SAME(P1, P2) ^2
DNF: SIMILAR(P1, P2) & (P1 != P2) & ~SAME(P1, P2)
PosLit: SIMILAR('B', 'A'): 0.3
PosLit: ('B' != 'A'): 1.0
NegLit: SAME('B', 'A'): 0.0
This ground rule was added
PosLit: SIMILAR('C', 'B'): 0.8
PosLit: ('C' != 'B'): 1.0
NegLit: SAME('C', 'B'): 0.0
This ground rule was added
PosLit: SIMILAR('A', 'B'): 0.3
PosLit: ('A' != 'B'): 1.0
NegLit: SAME('A', 'B'): 0.0
This ground rule was added
PosLit: SIMILAR('A', 'C'): 0.5
PosLit: ('A' != 'C'): 1.0
NegLit: SAME('A', 'C'): 0.0
This ground rule was added
PosLit: SIMILAR('B', 'C'): 0.8
PosLit: ('B' != 'C'): 1.0
NegLit: SAME('B', 'C'): 0.0
This ground rule was added
PosLit: SIMILAR('C', 'A'): 0.5
PosLit: ('C' != 'A'): 1.0
NegLit: SAME('C', 'A'): 0.0
This ground rule was added
481  [main] DEBUG org.linqs.psl.model.rule.logical.AbstractLogicalRule  - Grounded 6 instances of rule 20.0: ( SIMILAR(P1, P2) & (P1 != P2) ) >> SAME(P1, P2) ^2
Grounding 40.0: ( ( SAME(P1, P2) & SAME(P2, P3) ) & (P1 != P3) ) >> SAME(P1, P3) ^2
DNF: (P1 != P3) & SAME(P2, P3) & SAME(P1, P2) & ~SAME(P1, P3)
PosLit: ('B' != 'C'): 1.0
PosLit: SAME('A', 'C'): 1.0
PosLit: SAME('B', 'A'): 1.0
NegLit: SAME('B', 'C'): 0.0
This ground rule was added
PosLit: ('A' != 'B'): 1.0
PosLit: SAME('C', 'B'): 1.0
PosLit: SAME('A', 'C'): 1.0
NegLit: SAME('A', 'B'): 0.0
This ground rule was added
PosLit: ('C' != 'B'): 1.0
PosLit: SAME('A', 'B'): 1.0
PosLit: SAME('C', 'A'): 1.0
NegLit: SAME('C', 'B'): 0.0
This ground rule was added
PosLit: ('B' != 'A'): 1.0
PosLit: SAME('C', 'A'): 1.0
PosLit: SAME('B', 'C'): 1.0
NegLit: SAME('B', 'A'): 0.0
This ground rule was added
PosLit: ('C' != 'A'): 1.0
PosLit: SAME('B', 'A'): 1.0
PosLit: SAME('C', 'B'): 1.0
NegLit: SAME('C', 'A'): 0.0
This ground rule was added
PosLit: ('A' != 'C'): 1.0
PosLit: SAME('B', 'C'): 1.0
PosLit: SAME('A', 'B'): 1.0
NegLit: SAME('A', 'C'): 0.0
This ground rule was added
484  [main] DEBUG org.linqs.psl.model.rule.logical.AbstractLogicalRule  - Grounded 6 instances of rule 40.0: ( ( SAME(P1, P2) & SAME(P2, P3) ) & (P1 != P3) ) >> SAME(P1, P3) ^2
Grounding 40.0: SAME(P1, P2) >> SAME(P2, P1) ^2
DNF: SAME(P1, P2) & ~SAME(P2, P1)
PosLit: SAME('B', 'A'): 1.0
NegLit: SAME('A', 'B'): 0.0
This ground rule was added
PosLit: SAME('C', 'B'): 1.0
NegLit: SAME('B', 'C'): 0.0
This ground rule was added
PosLit: SAME('A', 'B'): 1.0
NegLit: SAME('B', 'A'): 0.0
This ground rule was added
PosLit: SAME('B', 'C'): 1.0
NegLit: SAME('C', 'B'): 0.0
This ground rule was added
PosLit: SAME('A', 'C'): 1.0
NegLit: SAME('C', 'A'): 0.0
This ground rule was added
PosLit: SAME('C', 'A'): 1.0
NegLit: SAME('A', 'C'): 0.0
This ground rule was added
486  [main] DEBUG org.linqs.psl.model.rule.logical.AbstractLogicalRule  - Grounded 6 instances of rule 40.0: SAME(P1, P2) >> SAME(P2, P1) ^2
Grounding 1.0: ~( SAME(P1, P2) ) ^2
DNF: SAME(P1, P2)
PosLit: SAME('B', 'A'): 1.0
This ground rule was added
PosLit: SAME('C', 'B'): 1.0
This ground rule was added
PosLit: SAME('A', 'B'): 1.0
This ground rule was added
PosLit: SAME('B', 'C'): 1.0
This ground rule was added
PosLit: SAME('A', 'C'): 1.0
This ground rule was added
PosLit: SAME('C', 'A'): 1.0
This ground rule was added
487  [main] DEBUG org.linqs.psl.model.rule.logical.AbstractLogicalRule  - Grounded 6 instances of rule 1.0: ~( SAME(P1, P2) ) ^2
487  [main] DEBUG org.linqs.psl.application.inference.MPEInference  - Initializing objective terms for 24 ground rules.
Processing ground rule: 40.0: ( ~( SAME('B', 'A') ) | SAME('A', 'B') ) ^2
Variable is :org.linqs.psl.reasoner.admm.term.LocalVariable@0
Summand coefficient is: 1.0
Variable is :org.linqs.psl.reasoner.admm.term.LocalVariable@1
Summand coefficient is: -1.0
Adding 'org.linqs.psl.reasoner.admm.term.SquaredHingeLossTerm@616ac46a' derived for '40.0: ( ~( SAME('B', 'A') ) | SAME('A', 'B') ) ^2' to TermStore
Processing ground rule: 40.0: ( ~( SAME('A', 'B') ) | SAME('B', 'A') ) ^2
Variable is :org.linqs.psl.reasoner.admm.term.LocalVariable@1
Summand coefficient is: 1.0
Variable is :org.linqs.psl.reasoner.admm.term.LocalVariable@0
Summand coefficient is: -1.0
Adding 'org.linqs.psl.reasoner.admm.term.SquaredHingeLossTerm@67b9b51a' derived for '40.0: ( ~( SAME('A', 'B') ) | SAME('B', 'A') ) ^2' to TermStore
Processing ground rule: 40.0: ( ~( SAME('C', 'B') ) | SAME('B', 'C') ) ^2
Variable is :org.linqs.psl.reasoner.admm.term.LocalVariable@2
Summand coefficient is: 1.0
Variable is :org.linqs.psl.reasoner.admm.term.LocalVariable@3
Summand coefficient is: -1.0
Adding 'org.linqs.psl.reasoner.admm.term.SquaredHingeLossTerm@1205bd62' derived for '40.0: ( ~( SAME('C', 'B') ) | SAME('B', 'C') ) ^2' to TermStore
Processing ground rule: 40.0: ( ~( SAME('B', 'C') ) | SAME('C', 'B') ) ^2
Variable is :org.linqs.psl.reasoner.admm.term.LocalVariable@3
Summand coefficient is: 1.0
Variable is :org.linqs.psl.reasoner.admm.term.LocalVariable@2
Summand coefficient is: -1.0
Adding 'org.linqs.psl.reasoner.admm.term.SquaredHingeLossTerm@7ef27d7f' derived for '40.0: ( ~( SAME('B', 'C') ) | SAME('C', 'B') ) ^2' to TermStore
Processing ground rule: 40.0: ( ~( SAME('A', 'C') ) | SAME('C', 'A') ) ^2
Variable is :org.linqs.psl.reasoner.admm.term.LocalVariable@4
Summand coefficient is: 1.0
Variable is :org.linqs.psl.reasoner.admm.term.LocalVariable@5
Summand coefficient is: -1.0
Adding 'org.linqs.psl.reasoner.admm.term.SquaredHingeLossTerm@490caf5f' derived for '40.0: ( ~( SAME('A', 'C') ) | SAME('C', 'A') ) ^2' to TermStore
Processing ground rule: 40.0: ( ~( SAME('C', 'A') ) | SAME('A', 'C') ) ^2
Variable is :org.linqs.psl.reasoner.admm.term.LocalVariable@5
Summand coefficient is: 1.0
Variable is :org.linqs.psl.reasoner.admm.term.LocalVariable@4
Summand coefficient is: -1.0
Adding 'org.linqs.psl.reasoner.admm.term.SquaredHingeLossTerm@6337c201' derived for '40.0: ( ~( SAME('C', 'A') ) | SAME('A', 'C') ) ^2' to TermStore
Processing ground rule: 20.0: ( ~( SIMILAR('B', 'C') ) | ~( ('B' != 'C') ) | SAME('B', 'C') ) ^2
Variable is :org.linqs.psl.reasoner.admm.term.LocalVariable@3
Summand coefficient is: -1.0
Adding 'org.linqs.psl.reasoner.admm.term.SquaredHingeLossTerm@5c669da8' derived for '20.0: ( ~( SIMILAR('B', 'C') ) | ~( ('B' != 'C') ) | SAME('B', 'C') ) ^2' to TermStore
Processing ground rule: 20.0: ( ~( SIMILAR('A', 'C') ) | ~( ('A' != 'C') ) | SAME('A', 'C') ) ^2
Variable is :org.linqs.psl.reasoner.admm.term.LocalVariable@4
Summand coefficient is: -1.0
Adding 'org.linqs.psl.reasoner.admm.term.SquaredHingeLossTerm@31920ade' derived for '20.0: ( ~( SIMILAR('A', 'C') ) | ~( ('A' != 'C') ) | SAME('A', 'C') ) ^2' to TermStore
Processing ground rule: 20.0: ( ~( SIMILAR('A', 'B') ) | ~( ('A' != 'B') ) | SAME('A', 'B') ) ^2
Variable is :org.linqs.psl.reasoner.admm.term.LocalVariable@1
Summand coefficient is: -1.0
Adding 'org.linqs.psl.reasoner.admm.term.SquaredHingeLossTerm@1d483de4' derived for '20.0: ( ~( SIMILAR('A', 'B') ) | ~( ('A' != 'B') ) | SAME('A', 'B') ) ^2' to TermStore
Processing ground rule: 20.0: ( ~( SIMILAR('C', 'A') ) | ~( ('C' != 'A') ) | SAME('C', 'A') ) ^2
Variable is :org.linqs.psl.reasoner.admm.term.LocalVariable@5
Summand coefficient is: -1.0
Adding 'org.linqs.psl.reasoner.admm.term.SquaredHingeLossTerm@4032d386' derived for '20.0: ( ~( SIMILAR('C', 'A') ) | ~( ('C' != 'A') ) | SAME('C', 'A') ) ^2' to TermStore
Processing ground rule: 20.0: ( ~( SIMILAR('C', 'B') ) | ~( ('C' != 'B') ) | SAME('C', 'B') ) ^2
Variable is :org.linqs.psl.reasoner.admm.term.LocalVariable@2
Summand coefficient is: -1.0
Adding 'org.linqs.psl.reasoner.admm.term.SquaredHingeLossTerm@28d18df5' derived for '20.0: ( ~( SIMILAR('C', 'B') ) | ~( ('C' != 'B') ) | SAME('C', 'B') ) ^2' to TermStore
Processing ground rule: 20.0: ( ~( SIMILAR('B', 'A') ) | ~( ('B' != 'A') ) | SAME('B', 'A') ) ^2
Variable is :org.linqs.psl.reasoner.admm.term.LocalVariable@0
Summand coefficient is: -1.0
Adding 'org.linqs.psl.reasoner.admm.term.SquaredHingeLossTerm@934b6cb' derived for '20.0: ( ~( SIMILAR('B', 'A') ) | ~( ('B' != 'A') ) | SAME('B', 'A') ) ^2' to TermStore
Processing ground rule: 1.0: ~( SAME('B', 'A') ) ^2
Variable is :org.linqs.psl.reasoner.admm.term.LocalVariable@0
Summand coefficient is: 1.0
Adding 'org.linqs.psl.reasoner.admm.term.SquaredLinearLossTerm@55cf0d14' derived for '1.0: ~( SAME('B', 'A') ) ^2' to TermStore
Processing ground rule: 1.0: ~( SAME('C', 'B') ) ^2
Variable is :org.linqs.psl.reasoner.admm.term.LocalVariable@2
Summand coefficient is: 1.0
Adding 'org.linqs.psl.reasoner.admm.term.SquaredLinearLossTerm@3b74ac8' derived for '1.0: ~( SAME('C', 'B') ) ^2' to TermStore
Processing ground rule: 1.0: ~( SAME('A', 'B') ) ^2
Variable is :org.linqs.psl.reasoner.admm.term.LocalVariable@1
Summand coefficient is: 1.0
Adding 'org.linqs.psl.reasoner.admm.term.SquaredLinearLossTerm@27adc16e' derived for '1.0: ~( SAME('A', 'B') ) ^2' to TermStore
Processing ground rule: 1.0: ~( SAME('A', 'C') ) ^2
Variable is :org.linqs.psl.reasoner.admm.term.LocalVariable@4
Summand coefficient is: 1.0
Adding 'org.linqs.psl.reasoner.admm.term.SquaredLinearLossTerm@b83a9be' derived for '1.0: ~( SAME('A', 'C') ) ^2' to TermStore
Processing ground rule: 1.0: ~( SAME('C', 'A') ) ^2
Variable is :org.linqs.psl.reasoner.admm.term.LocalVariable@5
Summand coefficient is: 1.0
Adding 'org.linqs.psl.reasoner.admm.term.SquaredLinearLossTerm@2609b277' derived for '1.0: ~( SAME('C', 'A') ) ^2' to TermStore
Processing ground rule: 1.0: ~( SAME('B', 'C') ) ^2
Variable is :org.linqs.psl.reasoner.admm.term.LocalVariable@3
Summand coefficient is: 1.0
Adding 'org.linqs.psl.reasoner.admm.term.SquaredLinearLossTerm@1fd14d74' derived for '1.0: ~( SAME('B', 'C') ) ^2' to TermStore
Processing ground rule: 40.0: ( ~( ('B' != 'A') ) | ~( SAME('C', 'A') ) | ~( SAME('B', 'C') ) | SAME('B', 'A') ) ^2
Variable is :org.linqs.psl.reasoner.admm.term.LocalVariable@5
Summand coefficient is: 1.0
Variable is :org.linqs.psl.reasoner.admm.term.LocalVariable@3
Summand coefficient is: 1.0
Variable is :org.linqs.psl.reasoner.admm.term.LocalVariable@0
Summand coefficient is: -1.0
Adding 'org.linqs.psl.reasoner.admm.term.SquaredHingeLossTerm@563e4951' derived for '40.0: ( ~( ('B' != 'A') ) | ~( SAME('C', 'A') ) | ~( SAME('B', 'C') ) | SAME('B', 'A') ) ^2' to TermStore
Processing ground rule: 40.0: ( ~( ('B' != 'C') ) | ~( SAME('A', 'C') ) | ~( SAME('B', 'A') ) | SAME('B', 'C') ) ^2
Variable is :org.linqs.psl.reasoner.admm.term.LocalVariable@4
Summand coefficient is: 1.0
Variable is :org.linqs.psl.reasoner.admm.term.LocalVariable@0
Summand coefficient is: 1.0
Variable is :org.linqs.psl.reasoner.admm.term.LocalVariable@3
Summand coefficient is: -1.0
Adding 'org.linqs.psl.reasoner.admm.term.SquaredHingeLossTerm@4066c471' derived for '40.0: ( ~( ('B' != 'C') ) | ~( SAME('A', 'C') ) | ~( SAME('B', 'A') ) | SAME('B', 'C') ) ^2' to TermStore
Processing ground rule: 40.0: ( ~( ('C' != 'A') ) | ~( SAME('B', 'A') ) | ~( SAME('C', 'B') ) | SAME('C', 'A') ) ^2
Variable is :org.linqs.psl.reasoner.admm.term.LocalVariable@0
Summand coefficient is: 1.0
Variable is :org.linqs.psl.reasoner.admm.term.LocalVariable@2
Summand coefficient is: 1.0
Variable is :org.linqs.psl.reasoner.admm.term.LocalVariable@5
Summand coefficient is: -1.0
Adding 'org.linqs.psl.reasoner.admm.term.SquaredHingeLossTerm@2b175c00' derived for '40.0: ( ~( ('C' != 'A') ) | ~( SAME('B', 'A') ) | ~( SAME('C', 'B') ) | SAME('C', 'A') ) ^2' to TermStore
Processing ground rule: 40.0: ( ~( ('A' != 'C') ) | ~( SAME('B', 'C') ) | ~( SAME('A', 'B') ) | SAME('A', 'C') ) ^2
Variable is :org.linqs.psl.reasoner.admm.term.LocalVariable@3
Summand coefficient is: 1.0
Variable is :org.linqs.psl.reasoner.admm.term.LocalVariable@1
Summand coefficient is: 1.0
Variable is :org.linqs.psl.reasoner.admm.term.LocalVariable@4
Summand coefficient is: -1.0
Adding 'org.linqs.psl.reasoner.admm.term.SquaredHingeLossTerm@3eb81efb' derived for '40.0: ( ~( ('A' != 'C') ) | ~( SAME('B', 'C') ) | ~( SAME('A', 'B') ) | SAME('A', 'C') ) ^2' to TermStore
Processing ground rule: 40.0: ( ~( ('A' != 'B') ) | ~( SAME('C', 'B') ) | ~( SAME('A', 'C') ) | SAME('A', 'B') ) ^2
Variable is :org.linqs.psl.reasoner.admm.term.LocalVariable@2
Summand coefficient is: 1.0
Variable is :org.linqs.psl.reasoner.admm.term.LocalVariable@4
Summand coefficient is: 1.0
Variable is :org.linqs.psl.reasoner.admm.term.LocalVariable@1
Summand coefficient is: -1.0
Adding 'org.linqs.psl.reasoner.admm.term.SquaredHingeLossTerm@1ae8bcbc' derived for '40.0: ( ~( ('A' != 'B') ) | ~( SAME('C', 'B') ) | ~( SAME('A', 'C') ) | SAME('A', 'B') ) ^2' to TermStore
Processing ground rule: 40.0: ( ~( ('C' != 'B') ) | ~( SAME('A', 'B') ) | ~( SAME('C', 'A') ) | SAME('C', 'B') ) ^2
Variable is :org.linqs.psl.reasoner.admm.term.LocalVariable@1
Summand coefficient is: 1.0
Variable is :org.linqs.psl.reasoner.admm.term.LocalVariable@5
Summand coefficient is: 1.0
Variable is :org.linqs.psl.reasoner.admm.term.LocalVariable@2
Summand coefficient is: -1.0
Adding 'org.linqs.psl.reasoner.admm.term.SquaredHingeLossTerm@6cdba6dc' derived for '40.0: ( ~( ('C' != 'B') ) | ~( SAME('A', 'B') ) | ~( SAME('C', 'A') ) | SAME('C', 'B') ) ^2' to TermStore
496  [main] DEBUG org.linqs.psl.application.inference.MPEInference  - Generated 24 objective terms from 24 ground rules.
497  [main] INFO  org.linqs.psl.application.inference.MPEInference  - Beginning inference.
497  [main] DEBUG org.linqs.psl.reasoner.admm.ADMMReasoner  - Performing optimization with 6 variables and 24 terms.
##############PRINTING GLOBAL VALUES STARTS################
GroundAtoms in Consensus Values: [SAME('B', 'A'), SAME('A', 'B'), SAME('C', 'B'), SAME('B', 'C'), SAME('A', 'C'), SAME('C', 'A')]
Initial Consensus Values: [1.0, 1.0, 1.0, 1.0, 1.0, 1.0]
New Consensus Values: [0.2764227642276423, 0.2764227642276423, 0.34610917537746805, 0.34610917537746805, 0.0, 0.0]
New Consensus Values: [0.4171673219368661, 0.4171673219368658, 0.5918285011021688, 0.5918285011021697, 0.0, 0.0]
New Consensus Values: [0.4430612368266368, 0.4430612368266374, 0.7283183764651185, 0.7283183764651172, 0.0, 0.0]
New Consensus Values: [0.397854936999935, 0.3978549369999359, 0.7787871560191101, 0.7787871560191092, 0.0, 0.0]
New Consensus Values: [0.32652341661408857, 0.3265234166140874, 0.7776213105698618, 0.7776213105698628, 0.0, 0.0]
New Consensus Values: [0.2621478768970565, 0.26214787689705565, 0.7557523291976439, 0.7557523291976451, 0.0, 0.0]
New Consensus Values: [0.22162831587841522, 0.22162831587841492, 0.7337220160390224, 0.7337220160390227, 0.0, 0.0]
New Consensus Values: [0.20777069565036316, 0.20777069565036313, 0.7209563005776048, 0.720956300577605, 0.0, 0.0]
New Consensus Values: [0.21447351277314722, 0.21447351277314922, 0.7185989426290155, 0.7185989426290139, 0.0, 0.0]
New Consensus Values: [0.23223017471500965, 0.23223017471501153, 0.7234156113819278, 0.7234156113819268, 0.0, 0.0]
New Consensus Values: [0.2522546632841555, 0.25225466328415624, 0.7311072414769292, 0.7311072414769287, 0.0, 0.0]
New Consensus Values: [0.26865136576885035, 0.26865136576885, 0.7383169775001672, 0.7383169775001682, 0.0, 0.0]
New Consensus Values: [0.27885276185944324, 0.2788527618594431, 0.7433412527771602, 0.7433412527771593, 0.0, 0.0]
New Consensus Values: [0.2829428804916419, 0.28294288049164124, 0.7459446569728075, 0.7459446569728067, 0.0, 0.0]
New Consensus Values: [0.28253311058232106, 0.28253311058232133, 0.7467668848869254, 0.7467668848869262, 0.0, 0.0]
New Consensus Values: [0.2796955642058577, 0.27969556420585795, 0.7467085823711876, 0.7467085823711879, 0.0, 0.0]
New Consensus Values: [0.27622483678928705, 0.27622483678928594, 0.7465089567538769, 0.7465089567538775, 0.0, 0.0]
New Consensus Values: [0.2732900428111508, 0.2732900428111506, 0.746567854425009, 0.7465678544250098, 0.0, 0.0]
New Consensus Values: [0.27140362616859137, 0.2714036261685901, 0.7469616408109544, 0.746961640810955, 0.0, 0.0]
New Consensus Values: [0.2705777866291232, 0.2705777866291231, 0.7475618875796178, 0.7475618875796171, 0.0, 0.0]
New Consensus Values: [0.2705441830390922, 0.27054418303909505, 0.7481726850869544, 0.7481726850869521, 0.0, 0.0]
New Consensus Values: [0.2709499085470022, 0.27094990854700274, 0.7486330892768199, 0.7486330892768205, 0.0, 0.0]
New Consensus Values: [0.2714877345837553, 0.27148773458375575, 0.7488655354573842, 0.7488655354573842, 0.0, 0.0]
New Consensus Values: [0.27195526726884284, 0.27195526726884206, 0.7488766236381899, 0.7488766236381892, 0.0, 0.0]
New Consensus Values: [0.2722594108249727, 0.27225941082497285, 0.7487292867720866, 0.748729286772085, 0.0, 0.0]
New Consensus Values: [0.272389972220713, 0.2723899722207134, 0.7485066374915738, 0.7485066374915718, 0.0, 0.0]
New Consensus Values: [0.2723837330891121, 0.2723837330891112, 0.7482821807015501, 0.7482821807015522, 0.0, 0.0]
New Consensus Values: [0.27229306616748994, 0.2722930661674891, 0.748103226316653, 0.7481032263166536, 0.0, 0.0]
New Consensus Values: [0.2721653731637842, 0.27216537316378364, 0.7479875912987043, 0.7479875912987044, 0.0, 0.0]
New Consensus Values: [0.27203370711482827, 0.27203370711482805, 0.7479296381703754, 0.7479296381703765, 0.0, 0.0]
New Consensus Values: [0.27191570201652343, 0.2719157020165249, 0.7479104643076868, 0.7479104643076866, 0.0, 0.0]
New Consensus Values: [0.2718170307698397, 0.27181703076984226, 0.7479078502914206, 0.7479078502914192, 0.0, 0.0]
New Consensus Values: [0.2717362033520722, 0.2717362033520743, 0.747903335640487, 0.7479033356404848, 0.0, 0.0]
New Consensus Values: [0.2716687228661597, 0.2716687228661588, 0.7478856096057098, 0.747885609605711, 0.0, 0.0]
New Consensus Values: [0.2716097965304956, 0.27160979653049455, 0.7478507335985025, 0.747850733598504, 0.0, 0.0]
New Consensus Values: [0.27155562276620976, 0.271555622766208, 0.7478003691352926, 0.7478003691352946, 0.0, 0.0]
New Consensus Values: [0.2715036769445088, 0.27150367694450966, 0.7477392571182948, 0.7477392571182943, 0.0, 0.0]
New Consensus Values: [0.2714524873740681, 0.2714524873740699, 0.7476728980644813, 0.7476728980644801, 0.0, 0.0]
New Consensus Values: [0.2714012757573049, 0.2714012757573048, 0.7476059500163731, 0.7476059500163731, 0.0, 0.0]
New Consensus Values: [0.2713496637189627, 0.27134966371896263, 0.7475414654445742, 0.7475414654445734, 0.0, 0.0]
New Consensus Values: [0.2712975024813657, 0.2712975024813656, 0.7474808222033399, 0.7474808222033417, 0.0, 0.0]
New Consensus Values: [0.27124479924626005, 0.2712447992462586, 0.7474240847257628, 0.7474240847257632, 0.0, 0.0]
New Consensus Values: [0.2711916879231402, 0.2711916879231398, 0.7473705306479804, 0.7473705306479792, 0.0, 0.0]
New Consensus Values: [0.2711384025118616, 0.2711384025118618, 0.747319145962184, 0.7473191459621826, 0.0, 0.0]
New Consensus Values: [0.2710852355234761, 0.2710852355234757, 0.7472689818078964, 0.7472689818078962, 0.0, 0.0]
New Consensus Values: [0.271032484767692, 0.27103248476769254, 0.7472193452766601, 0.7472193452766603, 0.0, 0.0]
New Consensus Values: [0.2709804022445137, 0.27098040224451386, 0.7471698491520946, 0.7471698491520947, 0.0, 0.0]
New Consensus Values: [0.27092915879208646, 0.2709291587920874, 0.7471203692669188, 0.7471203692669183, 0.0, 0.0]
New Consensus Values: [0.2708788316369792, 0.27087883163697946, 0.7470709595024748, 0.7470709595024753, 0.0, 0.0]
New Consensus Values: [0.2708294139368905, 0.2708294139368901, 0.7470217628218124, 0.7470217628218123, 0.0, 0.0]
New Consensus Values: [0.27078083938430825, 0.270780839384308, 0.746972940769816, 0.7469729407698157, 0.0, 0.0]
New Consensus Values: [0.2707330125036406, 0.2707330125036402, 0.7469246295275377, 0.7469246295275374, 0.0, 0.0]
New Consensus Values: [0.27068583619259934, 0.27068583619259584, 0.7468769207383854, 0.7468769207383882, 0.0, 0.0]
New Consensus Values: [0.27063923106488547, 0.27063923106488375, 0.7468298603571907, 0.7468298603571927, 0.0, 0.0]
New Consensus Values: [0.27059314473659096, 0.2705931447365915, 0.7467834576924305, 0.7467834576924316, 0.0, 0.0]
New Consensus Values: [0.27054755217642384, 0.2705475521764241, 0.7467376980838145, 0.7467376980838131, 0.0, 0.0]
New Consensus Values: [0.2705024499949084, 0.2705024499949095, 0.746692554870368, 0.7466925548703672, 0.0, 0.0]
New Consensus Values: [0.27045784801647343, 0.27045784801647466, 0.7466479984773214, 0.7466479984773203, 0.0, 0.0]
New Consensus Values: [0.27041376097182085, 0.2704137609718216, 0.746604002082199, 0.7466040020821995, 0.0, 0.0]
New Consensus Values: [0.27037020213013496, 0.27037020213013496, 0.7465605442887275, 0.7465605442887283, 0.0, 0.0]
New Consensus Values: [0.2703271795955834, 0.2703271795955834, 0.7465176096429699, 0.74651760964297, 0.0, 0.0]
New Consensus Values: [0.2702846951186758, 0.2702846951186773, 0.7464751878579726, 0.7464751878579714, 0.0, 0.0]
New Consensus Values: [0.2702427447533757, 0.27024274475337656, 0.7464332724535557, 0.7464332724535536, 0.0, 0.0]
New Consensus Values: [0.27020132052064166, 0.2702013205206408, 0.7463918592994228, 0.7463918592994226, 0.0, 0.0]
New Consensus Values: [0.2701604123281455, 0.27016041232814514, 0.7463509453480764, 0.7463509453480762, 0.0, 0.0]
New Consensus Values: [0.2701200096247232, 0.2701200096247228, 0.7463105276892659, 0.7463105276892664, 0.0, 0.0]
New Consensus Values: [0.27008010252879605, 0.2700801025287957, 0.7462706029531059, 0.7462706029531079, 0.0, 0.0]
New Consensus Values: [0.2700406823890501, 0.27004068238905216, 0.746231167025685, 0.7462311670256833, 0.0, 0.0]
New Consensus Values: [0.27000174187816145, 0.27000174187816056, 0.7461922150080799, 0.7461922150080804, 0.0, 0.0]
New Consensus Values: [0.26996327478362475, 0.26996327478362403, 0.7461537413381087, 0.7461537413381096, 0.0, 0.0]
New Consensus Values: [0.26992527566097263, 0.2699252756609722, 0.746115739997151, 0.7461157399971515, 0.0, 0.0]
New Consensus Values: [0.269887739478376, 0.26988773947837535, 0.7460782047371991, 0.7460782047371998, 0.0, 0.0]
New Consensus Values: [0.26985066133152535, 0.2698506613315255, 0.7460411292814912, 0.7460411292814911, 0.0, 0.0]
New Consensus Values: [0.26981403626054207, 0.2698140362605425, 0.7460045074719794, 0.7460045074719776, 0.0, 0.0]
New Consensus Values: [0.26977785916592406, 0.26977785916592434, 0.7459683333549805, 0.745968333354979, 0.0, 0.0]
New Consensus Values: [0.2697421248007387, 0.2697421248007397, 0.7459326012103834, 0.7459326012103827, 0.0, 0.0]
New Consensus Values: [0.2697068278095505, 0.26970682780955085, 0.7458973055383654, 0.7458973055383658, 0.0, 0.0]
New Consensus Values: [0.26967196278692945, 0.26967196278692873, 0.7458624410208792, 0.7458624410208798, 0.0, 0.0]
New Consensus Values: [0.26963752433550775, 0.26963752433550686, 0.7458280024741128, 0.7458280024741137, 0.0, 0.0]
New Consensus Values: [0.2696035071118687, 0.26960350711186903, 0.7457939848042743, 0.7457939848042761, 0.0, 0.0]
New Consensus Values: [0.26956990585585655, 0.2695699058558581, 0.7457603829741124, 0.7457603829741116, 0.0, 0.0]
New Consensus Values: [0.26953671540402435, 0.2695367154040242, 0.7457271919827961, 0.7457271919827946, 0.0, 0.0]
New Consensus Values: [0.2695039306908109, 0.26950393069081013, 0.7456944068582165, 0.7456944068582176, 0.0, 0.0]
New Consensus Values: [0.2694715467420124, 0.26947154674201185, 0.7456620226585559, 0.7456620226585553, 0.0, 0.0]
New Consensus Values: [0.26943955866473723, 0.2694395586647386, 0.7456300344792428, 0.7456300344792419, 0.0, 0.0]
New Consensus Values: [0.26940796163705355, 0.2694079616370514, 0.7455984374617662, 0.7455984374617672, 0.0, 0.0]
New Consensus Values: [0.2693767508992716, 0.2693767508992722, 0.7455672268017073, 0.7455672268017084, 0.0, 0.0]
New Consensus Values: [0.2693459217477918, 0.2693459217477905, 0.7455363977544965, 0.7455363977544975, 0.0, 0.0]
New Consensus Values: [0.26931546953148916, 0.2693154695314893, 0.745505945638454, 0.7455059456384544, 0.0, 0.0]
New Consensus Values: [0.26928538965026416, 0.26928538965026444, 0.74547586583536, 0.74547586583536, 0.0, 0.0]
New Consensus Values: [0.2692556775550131, 0.2692556775550132, 0.7454461537892569, 0.7454461537892548, 0.0, 0.0]
New Consensus Values: [0.2692263287483821, 0.26922632874838276, 0.7454168050042426, 0.7454168050042428, 0.0, 0.0]
New Consensus Values: [0.26919733878572616, 0.2691973387857261, 0.7453878150419779, 0.7453878150419785, 0.0, 0.0]
New Consensus Values: [0.26916870327588327, 0.2691687032758826, 0.745359179519361, 0.7453591795193606, 0.0, 0.0]
New Consensus Values: [0.2691404178815663, 0.2691404178815647, 0.7453308941066679, 0.745330894106669, 0.0, 0.0]
New Consensus Values: [0.2691124783193192, 0.26911247831931956, 0.7453029545262172, 0.7453029545262175, 0.0, 0.0]
New Consensus Values: [0.26908488035909467, 0.269084880359096, 0.745275356551485, 0.7452753565514847, 0.0, 0.0]
New Consensus Values: [0.2690576198235392, 0.2690576198235402, 0.7452480960065669, 0.7452480960065669, 0.0, 0.0]
New Consensus Values: [0.2690306925871254, 0.26903069258712636, 0.7452211687658181, 0.7452211687658171, 0.0, 0.0]
New Consensus Values: [0.2690040945752374, 0.2690040945752371, 0.7451945707535551, 0.7451945707535552, 0.0, 0.0]
New Consensus Values: [0.26897782176327356, 0.2689778217632722, 0.7451682979437422, 0.7451682979437422, 0.0, 0.0]
New Consensus Values: [0.2689518701758321, 0.2689518701758325, 0.7451423463595938, 0.745142346359593, 0.0, 0.0]
New Consensus Values: [0.26892623588598835, 0.26892623588598824, 0.7451167120730975, 0.7451167120730984, 0.0, 0.0]
New Consensus Values: [0.26890091501463675, 0.26890091501463687, 0.7450913912044728, 0.7450913912044717, 0.0, 0.0]
New Consensus Values: [0.2688759037299186, 0.26887590372991627, 0.7450663799215584, 0.7450663799215604, 0.0, 0.0]
New Consensus Values: [0.26885119824667564, 0.26885119824667525, 0.7450416744392011, 0.7450416744392003, 0.0, 0.0]
New Consensus Values: [0.2688267948259408, 0.26882679482594113, 0.7450172710186067, 0.7450172710186075, 0.0, 0.0]
New Consensus Values: [0.2688026897744179, 0.26880268977441946, 0.7449931659667391, 0.7449931659667394, 0.0, 0.0]
New Consensus Values: [0.26877887944396606, 0.2687788794439669, 0.7449693556357095, 0.7449693556357097, 0.0, 0.0]
New Consensus Values: [0.2687553602310693, 0.26875536023107, 0.7449458364222064, 0.7449458364222062, 0.0, 0.0]
New Consensus Values: [0.26873212857630663, 0.26873212857630746, 0.74492260476694, 0.7449226047669372, 0.0, 0.0]
New Consensus Values: [0.26870918096381124, 0.26870918096381075, 0.7448996571541001, 0.7448996571540986, 0.0, 0.0]
New Consensus Values: [0.26868651392072784, 0.2686865139207276, 0.7448769901108421, 0.7448769901108411, 0.0, 0.0]
New Consensus Values: [0.2686641240166832, 0.2686641240166829, 0.7448546002067588, 0.7448546002067591, 0.0, 0.0]
New Consensus Values: [0.26864200786325376, 0.26864200786325065, 0.7448324840533813, 0.7448324840533844, 0.0, 0.0]
New Consensus Values: [0.26862016211343925, 0.26862016211343853, 0.7448106383036712, 0.7448106383036741, 0.0, 0.0]
New Consensus Values: [0.2685985834611654, 0.26859858346116716, 0.7447890596515119, 0.7447890596515115, 0.0, 0.0]
New Consensus Values: [0.2685772686407762, 0.26857726864077425, 0.7447677448312132, 0.7447677448312134, 0.0, 0.0]
New Consensus Values: [0.2685562144265227, 0.26855621442652294, 0.7447466906170274, 0.7447466906170257, 0.0, 0.0]
New Consensus Values: [0.26853541763210476, 0.2685354176321057, 0.7447258938226436, 0.7447258938226436, 0.0, 0.0]
New Consensus Values: [0.2685148751101692, 0.26851487511017097, 0.7447053513007179, 0.7447053513007175, 0.0, 0.0]
New Consensus Values: [0.26849458375184454, 0.2684945837518465, 0.7446850599423847, 0.7446850599423837, 0.0, 0.0]
New Consensus Values: [0.2684745404862708, 0.26847454048626995, 0.744665016676791, 0.7446650166767915, 0.0, 0.0]
New Consensus Values: [0.26845474228012867, 0.2684547422801278, 0.74464521847063, 0.7446452184706305, 0.0, 0.0]
New Consensus Values: [0.2684351861371929, 0.26843518613719286, 0.7446256623276788, 0.7446256623276792, 0.0, 0.0]
New Consensus Values: [0.2684158690978716, 0.2684158690978724, 0.7446063452883476, 0.7446063452883463, 0.0, 0.0]
New Consensus Values: [0.2683967882387617, 0.26839678823876156, 0.7445872644292272, 0.7445872644292274, 0.0, 0.0]
New Consensus Values: [0.2683779406721956, 0.2683779406721964, 0.7445684168626611, 0.7445684168626594, 0.0, 0.0]
New Consensus Values: [0.2683593235458227, 0.2683593235458213, 0.7445497997362857, 0.744549799736287, 0.0, 0.0]
New Consensus Values: [0.2683409340421571, 0.26834093404215736, 0.7445314102326238, 0.7445314102326227, 0.0, 0.0]
New Consensus Values: [0.26832276937816585, 0.2683227693781682, 0.744513245568638, 0.7445132455686377, 0.0, 0.0]
New Consensus Values: [0.2683048268048453, 0.2683048268048468, 0.7444953029953194, 0.7444953029953197, 0.0, 0.0]
New Consensus Values: [0.26828710360679825, 0.2682871036067972, 0.7444775797972732, 0.7444775797972751, 0.0, 0.0]
New Consensus Values: [0.2682695971018244, 0.26826959710182463, 0.7444600732923039, 0.7444600732923021, 0.0, 0.0]
New Consensus Values: [0.2682523046405244, 0.26825230464052385, 0.7444427808310047, 0.7444427808310046, 0.0, 0.0]
New Consensus Values: [0.268235223605889, 0.2682352236058869, 0.7444256997963684, 0.744425699796369, 0.0, 0.0]
New Consensus Values: [0.26821835141290407, 0.2682183514129026, 0.7444088276033812, 0.7444088276033819, 0.0, 0.0]
New Consensus Values: [0.26820168550816054, 0.2682016855081622, 0.7443921616986371, 0.7443921616986373, 0.0, 0.0]
New Consensus Values: [0.26818522336947376, 0.26818522336947515, 0.7443756995599496, 0.7443756995599495, 0.0, 0.0]
New Consensus Values: [0.2681689625054925, 0.26816896250549166, 0.7443594386959675, 0.7443594386959685, 0.0, 0.0]
New Consensus Values: [0.2681529004553253, 0.26815290045532564, 0.7443433766458009, 0.7443433766458004, 0.0, 0.0]
New Consensus Values: [0.26813703478817247, 0.2681370347881729, 0.744327510978648, 0.744327510978647, 0.0, 0.0]
New Consensus Values: [0.26812136310295237, 0.26812136310295187, 0.7443118392934279, 0.7443118392934277, 0.0, 0.0]
New Consensus Values: [0.2681058830279404, 0.2681058830279398, 0.7442963592184162, 0.7442963592184156, 0.0, 0.0]
New Consensus Values: [0.26809059222041043, 0.26809059222040915, 0.7442810684108856, 0.7442810684108856, 0.0, 0.0]
New Consensus Values: [0.26807548836627787, 0.26807548836627904, 0.7442659645567546, 0.7442659645567533, 0.0, 0.0]
New Consensus Values: [0.26806056917975585, 0.26806056917975596, 0.7442510453702303, 0.7442510453702303, 0.0, 0.0]
New Consensus Values: [0.26804583240299834, 0.26804583240299934, 0.7442363085934735, 0.744236308593474, 0.0, 0.0]
New Consensus Values: [0.2680312758057718, 0.268031275805771, 0.7442217519962461, 0.7442217519962471, 0.0, 0.0]
New Consensus Values: [0.2680168971851017, 0.26801689718510285, 0.7442073733755799, 0.7442073733755791, 0.0, 0.0]
New Consensus Values: [0.26800269436496055, 0.2680026943649613, 0.7441931705554384, 0.7441931705554367, 0.0, 0.0]
New Consensus Values: [0.2679886651959155, 0.267988665195916, 0.7441791413863924, 0.7441791413863932, 0.0, 0.0]
New Consensus Values: [0.2679748075548194, 0.26797480755481795, 0.7441652837452948, 0.7441652837452953, 0.0, 0.0]
New Consensus Values: [0.2679611193444785, 0.2679611193444775, 0.7441515955349548, 0.7441515955349548, 0.0, 0.0]
New Consensus Values: [0.2679475984933465, 0.26794759849334576, 0.7441380746838228, 0.7441380746838245, 0.0, 0.0]
New Consensus Values: [0.26793424295520296, 0.2679342429552024, 0.7441247191456781, 0.7441247191456773, 0.0, 0.0]
New Consensus Values: [0.2679210507088419, 0.2679210507088431, 0.7441115268993178, 0.7441115268993166, 0.0, 0.0]
591  [main] INFO  org.linqs.psl.reasoner.admm.ADMMReasoner  - Optimization completed in 157 iterations. Primal res.: 0.0029930776026533845, Dual res.: 6.980680620760784E-5
Global update:
SAME('B', 'C')=3 updated from 1.0 to 0.7441115268993166
SAME('B', 'A')=0 updated from 1.0 to 0.2679210507088419
SAME('C', 'B')=2 updated from 1.0 to 0.7441115268993178
SAME('C', 'A')=5 updated from 1.0 to 0.0
SAME('A', 'C')=4 updated from 1.0 to 0.0
SAME('A', 'B')=1 updated from 1.0 to 0.2679210507088431
##############PRINTING GLOBAL VALUES ENDS################
591  [main] INFO  org.linqs.psl.application.inference.MPEInference  - Inference complete. Writing results to Database.
591  [main] DEBUG org.linqs.psl.application.inference.MPEInference  - Master inference complete.
592  [main] DEBUG org.linqs.psl.application.inference.MPEInference  - Stats -- Memory (Bytes): 99086176, Terms: 24, Global Variables: 6 Local Variables: 42
623  [main] INFO  org.linqs.psl.experiments.Transitivity  - Finished inference in 0.179 seconds
DiscretePredictionStatistics.compare took 2 milliseconds
ContinuousPredictionStatistics.compare took 0 milliseconds
687  [main] INFO  org.linqs.psl.experiments.Transitivity  - MSE: 0.533806166220348
689  [main] INFO  org.linqs.psl.experiments.Transitivity  - Accuracy 0.3333333333333333, Error 4.0
701  [main] INFO  org.linqs.psl.experiments.Transitivity  - Positive Class: precision 1.0, recall 0.3333333333333333
701  [main] INFO  org.linqs.psl.experiments.Transitivity  - Negative Class Stats: precision 0.0, recall 1.0
